-------------------------------------------------------------------------------
Test set: com.parkit.parkingsystem.FareCalculatorServiceTest
-------------------------------------------------------------------------------
Tests run: 7, Failures: 2, Errors: 2, Skipped: 0, Time elapsed: 0.148 s <<< FAILURE! - in com.parkit.parkingsystem.FareCalculatorServiceTest
calculateFareCarWithLessThanOneHourParkingTime  Time elapsed: 0.098 s  <<< FAILURE!
org.opentest4j.AssertionFailedError: expected: <1.125> but was: <0.0>
	at com.parkit.parkingsystem.FareCalculatorServiceTest.calculateFareCarWithLessThanOneHourParkingTime(FareCalculatorServiceTest.java:110)

calculateFareUnkownType  Time elapsed: 0 s  <<< ERROR!
java.lang.Error: 
Unresolved compilation problem: 
	Lambda expressions are allowed only at source level 1.8 or above

	at com.parkit.parkingsystem.FareCalculatorServiceTest.calculateFareUnkownType(FareCalculatorServiceTest.java:69)

calculateFareBikeWithLessThanOneHourParkingTime  Time elapsed: 0.004 s  <<< FAILURE!
org.opentest4j.AssertionFailedError: expected: <0.75> but was: <0.0>
	at com.parkit.parkingsystem.FareCalculatorServiceTest.calculateFareBikeWithLessThanOneHourParkingTime(FareCalculatorServiceTest.java:96)

calculateFareBikeWithFutureInTime  Time elapsed: 0 s  <<< ERROR!
java.lang.Error: 
Unresolved compilation problem: 
	Lambda expressions are allowed only at source level 1.8 or above

	at com.parkit.parkingsystem.FareCalculatorServiceTest.calculateFareBikeWithFutureInTime(FareCalculatorServiceTest.java:82)

